# JRE version: Java(TM) SE Runtime Environment (8.0_221-b11) (build 1.8.0_221-b11)
# Java VM: Java HotSpot(TM) 64-Bit Server VM (25.221-b11 mixed mode windows-amd64 compressed oops)
Heap:
 PSYoungGen      total 53248K, used 19510K [0x00000000e0980000, 0x00000000e4180000, 0x0000000100000000)
  eden space 49152K, 31% used [0x00000000e0980000,0x00000000e18903d0,0x00000000e3980000)
  from space 4096K, 99% used [0x00000000e3980000,0x00000000e3d7d6c8,0x00000000e3d80000)
  to   space 4096K, 0% used [0x00000000e3d80000,0x00000000e3d80000,0x00000000e4180000)
 ParOldGen       total 65536K, used 4454K [0x00000000a1c00000, 0x00000000a5c00000, 0x00000000e0980000)
  object space 65536K, 6% used [0x00000000a1c00000,0x00000000a20599d0,0x00000000a5c00000)
 Metaspace       used 16404K, capacity 16868K, committed 17152K, reserved 1064960K
  class space    used 2074K, capacity 2191K, committed 2304K, reserved 1048576K
GC Heap History (10 events):
Event: 1.158 GC heap before
{Heap before GC invocations=1 (full 0):
 PSYoungGen      total 28672K, used 24576K [0x00000000e0980000, 0x00000000e2980000, 0x0000000100000000)
  eden space 24576K, 100% used [0x00000000e0980000,0x00000000e2180000,0x00000000e2180000)
  from space 4096K, 0% used [0x00000000e2580000,0x00000000e2580000,0x00000000e2980000)
  to   space 4096K, 0% used [0x00000000e2180000,0x00000000e2180000,0x00000000e2580000)
 ParOldGen       total 65536K, used 0K [0x00000000a1c00000, 0x00000000a5c00000, 0x00000000e0980000)
  object space 65536K, 0% used [0x00000000a1c00000,0x00000000a1c00000,0x00000000a5c00000)
 Metaspace       used 5826K, capacity 5996K, committed 6144K, reserved 1056768K
  class space    used 626K, capacity 701K, committed 768K, reserved 1048576K
Event: 1.163 GC heap after
Heap after GC invocations=1 (full 0):
 PSYoungGen      total 28672K, used 2842K [0x00000000e0980000, 0x00000000e2980000, 0x0000000100000000)
  eden space 24576K, 0% used [0x00000000e0980000,0x00000000e0980000,0x00000000e2180000)
  from space 4096K, 69% used [0x00000000e2180000,0x00000000e2446b80,0x00000000e2580000)
  to   space 4096K, 0% used [0x00000000e2580000,0x00000000e2580000,0x00000000e2980000)
 ParOldGen       total 65536K, used 8K [0x00000000a1c00000, 0x00000000a5c00000, 0x00000000e0980000)
  object space 65536K, 0% used [0x00000000a1c00000,0x00000000a1c02000,0x00000000a5c00000)
 Metaspace       used 5826K, capacity 5996K, committed 6144K, reserved 1056768K
  class space    used 626K, capacity 701K, committed 768K, reserved 1048576K
}
Event: 1.566 GC heap before
{Heap before GC invocations=2 (full 0):
 PSYoungGen      total 28672K, used 27418K [0x00000000e0980000, 0x00000000e2980000, 0x0000000100000000)
  eden space 24576K, 100% used [0x00000000e0980000,0x00000000e2180000,0x00000000e2180000)
  from space 4096K, 69% used [0x00000000e2180000,0x00000000e2446b80,0x00000000e2580000)
  to   space 4096K, 0% used [0x00000000e2580000,0x00000000e2580000,0x00000000e2980000)
 ParOldGen       total 65536K, used 8K [0x00000000a1c00000, 0x00000000a5c00000, 0x00000000e0980000)
  object space 65536K, 0% used [0x00000000a1c00000,0x00000000a1c02000,0x00000000a5c00000)
 Metaspace       used 8460K, capacity 8670K, committed 8960K, reserved 1056768K
  class space    used 901K, capacity 974K, committed 1024K, reserved 1048576K
Event: 1.573 GC heap after
Heap after GC invocations=2 (full 0):
 PSYoungGen      total 28672K, used 3378K [0x00000000e0980000, 0x00000000e4180000, 0x0000000100000000)
  eden space 24576K, 0% used [0x00000000e0980000,0x00000000e0980000,0x00000000e2180000)
  from space 4096K, 82% used [0x00000000e2580000,0x00000000e28cca38,0x00000000e2980000)
  to   space 4096K, 0% used [0x00000000e2180000,0x00000000e2180000,0x00000000e2580000)
 ParOldGen       total 65536K, used 16K [0x00000000a1c00000, 0x00000000a5c00000, 0x00000000e0980000)
  object space 65536K, 0% used [0x00000000a1c00000,0x00000000a1c04000,0x00000000a5c00000)
 Metaspace       used 8460K, capacity 8670K, committed 8960K, reserved 1056768K
  class space    used 901K, capacity 974K, committed 1024K, reserved 1048576K
}
Event: 2.001 GC heap before
{Heap before GC invocations=3 (full 0):
 PSYoungGen      total 28672K, used 27954K [0x00000000e0980000, 0x00000000e4180000, 0x0000000100000000)
  eden space 24576K, 100% used [0x00000000e0980000,0x00000000e2180000,0x00000000e2180000)
  from space 4096K, 82% used [0x00000000e2580000,0x00000000e28cca38,0x00000000e2980000)
  to   space 4096K, 0% used [0x00000000e2180000,0x00000000e2180000,0x00000000e2580000)
 ParOldGen       total 65536K, used 16K [0x00000000a1c00000, 0x00000000a5c00000, 0x00000000e0980000)
  object space 65536K, 0% used [0x00000000a1c00000,0x00000000a1c04000,0x00000000a5c00000)
 Metaspace       used 10631K, capacity 10938K, committed 11264K, reserved 1058816K
  class space    used 1145K, capacity 1238K, committed 1280K, reserved 1048576K
Event: 2.008 GC heap after
Heap after GC invocations=3 (full 0):
 PSYoungGen      total 28672K, used 4078K [0x00000000e0980000, 0x00000000e4180000, 0x0000000100000000)
  eden space 24576K, 0% used [0x00000000e0980000,0x00000000e0980000,0x00000000e2180000)
  from space 4096K, 99% used [0x00000000e2180000,0x00000000e257b8e0,0x00000000e2580000)
  to   space 4096K, 0% used [0x00000000e3d80000,0x00000000e3d80000,0x00000000e4180000)
 ParOldGen       total 65536K, used 486K [0x00000000a1c00000, 0x00000000a5c00000, 0x00000000e0980000)
  object space 65536K, 0% used [0x00000000a1c00000,0x00000000a1c79b50,0x00000000a5c00000)
 Metaspace       used 10631K, capacity 10938K, committed 11264K, reserved 1058816K
  class space    used 1145K, capacity 1238K, committed 1280K, reserved 1048576K
}
Event: 2.748 GC heap before
{Heap before GC invocations=4 (full 0):
 PSYoungGen      total 28672K, used 28654K [0x00000000e0980000, 0x00000000e4180000, 0x0000000100000000)
  eden space 24576K, 100% used [0x00000000e0980000,0x00000000e2180000,0x00000000e2180000)
  from space 4096K, 99% used [0x00000000e2180000,0x00000000e257b8e0,0x00000000e2580000)
  to   space 4096K, 0% used [0x00000000e3d80000,0x00000000e3d80000,0x00000000e4180000)
 ParOldGen       total 65536K, used 486K [0x00000000a1c00000, 0x00000000a5c00000, 0x00000000e0980000)
  object space 65536K, 0% used [0x00000000a1c00000,0x00000000a1c79b50,0x00000000a5c00000)
 Metaspace       used 13105K, capacity 13412K, committed 13696K, reserved 1060864K
  class space    used 1516K, capacity 1609K, committed 1664K, reserved 1048576K
Event: 2.756 GC heap after
Heap after GC invocations=4 (full 0):
 PSYoungGen      total 53248K, used 4091K [0x00000000e0980000, 0x00000000e4180000, 0x0000000100000000)
  eden space 49152K, 0% used [0x00000000e0980000,0x00000000e0980000,0x00000000e3980000)
  from space 4096K, 99% used [0x00000000e3d80000,0x00000000e417ec88,0x00000000e4180000)
  to   space 4096K, 0% used [0x00000000e3980000,0x00000000e3980000,0x00000000e3d80000)
 ParOldGen       total 65536K, used 1837K [0x00000000a1c00000, 0x00000000a5c00000, 0x00000000e0980000)
  object space 65536K, 2% used [0x00000000a1c00000,0x00000000a1dcb688,0x00000000a5c00000)
 Metaspace       used 13105K, capacity 13412K, committed 13696K, reserved 1060864K
  class space    used 1516K, capacity 1609K, committed 1664K, reserved 1048576K
}
Event: 3.445 GC heap before
{Heap before GC invocations=5 (full 0):
 PSYoungGen      total 53248K, used 53243K [0x00000000e0980000, 0x00000000e4180000, 0x0000000100000000)
  eden space 49152K, 100% used [0x00000000e0980000,0x00000000e3980000,0x00000000e3980000)
  from space 4096K, 99% used [0x00000000e3d80000,0x00000000e417ec88,0x00000000e4180000)
  to   space 4096K, 0% used [0x00000000e3980000,0x00000000e3980000,0x00000000e3d80000)
 ParOldGen       total 65536K, used 1837K [0x00000000a1c00000, 0x00000000a5c00000, 0x00000000e0980000)
  object space 65536K, 2% used [0x00000000a1c00000,0x00000000a1dcb688,0x00000000a5c00000)
 Metaspace       used 15906K, capacity 16384K, committed 16512K, reserved 1062912K
  class space    used 2028K, capacity 2157K, committed 2176K, reserved 1048576K
Event: 3.453 GC heap after
Heap after GC invocations=5 (full 0):
 PSYoungGen      total 53248K, used 4085K [0x00000000e0980000, 0x00000000e4180000, 0x0000000100000000)
  eden space 49152K, 0% used [0x00000000e0980000,0x00000000e0980000,0x00000000e3980000)
  from space 4096K, 99% used [0x00000000e3980000,0x00000000e3d7d6c8,0x00000000e3d80000)
  to   space 4096K, 0% used [0x00000000e3d80000,0x00000000e3d80000,0x00000000e4180000)
 ParOldGen       total 65536K, used 4454K [0x00000000a1c00000, 0x00000000a5c00000, 0x00000000e0980000)
  object space 65536K, 6% used [0x00000000a1c00000,0x00000000a20599d0,0x00000000a5c00000)
 Metaspace       used 15906K, capacity 16384K, committed 16512K, reserved 1062912K
  class space    used 2028K, capacity 2157K, committed 2176K, reserved 1048576K
}

